<?xml version="1.0" encoding="UTF-8"?>
<!-- Generated by org.testng.reporters.JUnitReportReporter -->
<testsuite skipped="0" hostname="preku73" name="testpackage.Day2" tests="1" failures="0" timestamp="07 Aug 2019 06:06:26 GMT" time="0.006" errors="0">
  <testcase name="add" time="0.006" classname="testpackage.Day2"/>
</testsuite> <!-- testpackage.Day2 -->
