<?xml version="1.0" encoding="UTF-8"?>
<!-- Generated by org.testng.reporters.JUnitReportReporter -->
<testsuite skipped="0" hostname="preku73" name="testpackage.Day1" tests="2" failures="0" timestamp="07 Aug 2019 06:09:13 GMT" time="0.017" errors="0">
  <testcase name="sum" time="0.003" classname="testpackage.Day1"/>
  <testcase name="demo" time="0.014" classname="testpackage.Day1"/>
</testsuite> <!-- testpackage.Day1 -->
